<?xml version="1.0" encoding="UTF-8"?>
<!-- Generated by org.testng.reporters.JUnitXMLReporter -->
<testsuite ignored="0" hostname="L-INE-DP17XR2" failures="0" tests="3" name="Default test" time="10.485" errors="0" timestamp="2023-09-05T12:27:14 IST">
  <testcase classname="com.selenium.a11.TestPractic06" name="f" time="5.35"/>
  <testcase classname="com.selenium.a11.TestPractic06" name="f1" time="3.332"/>
  <testcase classname="com.selenium.a11.TestPractic06" name="f2" time="1.741"/>
</testsuite> <!-- Default test -->
