<?xml version="1.0" encoding="UTF-8"?>
<!-- Generated by org.testng.reporters.JUnitXMLReporter -->
<testsuite ignored="0" hostname="L-INE-DP17XR2" failures="1" tests="4" name="Test" time="4.57" errors="0" timestamp="2023-09-05T09:58:53 IST">
  <testcase classname="com.selenium.a11.TestPractic05" name="f" time="4.496"/>
  <testcase classname="com.selenium.a11.TestPractic05" name="f1" time="0.002">
    <failure type="java.lang.NullPointerException" message="Cannot invoke &amp;quot;org.openqa.selenium.WebDriver.findElement(org.openqa.selenium.By)&amp;quot; because &amp;quot;this.driver&amp;quot; is null">
      <![CDATA[java.lang.NullPointerException: Cannot invoke "org.openqa.selenium.WebDriver.findElement(org.openqa.selenium.By)" because "this.driver" is null
at com.selenium.a11.TestPractic05.f1(TestPractic05.java:22)
at java.base/java.util.ArrayList.forEach(ArrayList.java:1511)
... Removed 27 stack frames]]>
    </failure>
  </testcase> <!-- f1 -->
  <testcase classname="com.selenium.a11.TestPractic05" name="f2" time="0.0">
    <skipped/>
  </testcase> <!-- f2 -->
  <testcase classname="com.selenium.a11.TestPractic05" name="f3" time="0.0">
    <skipped/>
  </testcase> <!-- f3 -->
</testsuite> <!-- Test -->
